<?xml version="1.0" encoding="UTF-8"?>
<!-- Generated by org.testng.reporters.JUnitReportReporter -->
<testsuite hostname="satish-PC" name="com.VisualPath.LoginVerificationWithInvalidCredentails" tests="1" failures="0" timestamp="25 Sep 2017 05:37:23 GMT" time="9.059" errors="0">
  <testcase name="UserLoginWithInvalidCredentails" time="9.059" classname="com.VisualPath.LoginVerificationWithInvalidCredentails"/>
</testsuite>
