<?xml version="1.0" encoding="UTF-8"?>
<!-- Generated by org.testng.reporters.JUnitReportReporter -->
<testsuite hostname="satish-PC" name="com.VisualPath.SignupWithOutInputDetails" tests="1" failures="0" timestamp="25 Sep 2017 05:37:23 GMT" time="10.792" errors="0">
  <testcase name="CreateAccountWithoutdata" time="10.792" classname="com.VisualPath.SignupWithOutInputDetails"/>
</testsuite>
